{"/home/mlenorma/Documents/Work/workspace/web-sandbox/nestjs-sandbox/src/app.controller.ts": {"path":"/home/mlenorma/Documents/Work/workspace/web-sandbox/nestjs-sandbox/src/app.controller.ts","statementMap":{"0":{"start":{"line":1,"column":0},"end":{"line":1,"column":49}},"1":{"start":{"line":2,"column":0},"end":{"line":2,"column":43}},"2":{"start":{"line":5,"column":0},"end":{"line":12,"column":null}},"3":{"start":{"line":6,"column":31},"end":{"line":6,"column":43}},"4":{"start":{"line":10,"column":4},"end":{"line":10,"column":38}},"5":{"start":{"line":9,"column":2},"end":{"line":11,"column":null}},"6":{"start":{"line":5,"column":13},"end":{"line":12,"column":null}},"7":{"start":{"line":5,"column":13},"end":{"line":5,"column":26}}},"fnMap":{"0":{"name":"(anonymous_2)","decl":{"start":{"line":6,"column":2},"end":{"line":6,"column":31}},"loc":{"start":{"line":6,"column":53},"end":{"line":6,"column":57}}},"1":{"name":"(anonymous_3)","decl":{"start":{"line":9,"column":2},"end":{"line":9,"column":10}},"loc":{"start":{"line":9,"column":10},"end":{"line":11,"column":3}}}},"branchMap":{},"s":{"0":1,"1":1,"2":1,"3":1,"4":1,"5":1,"6":1,"7":1},"f":{"0":1,"1":1},"b":{}}
,"/home/mlenorma/Documents/Work/workspace/web-sandbox/nestjs-sandbox/src/app.service.ts": {"path":"/home/mlenorma/Documents/Work/workspace/web-sandbox/nestjs-sandbox/src/app.service.ts","statementMap":{"0":{"start":{"line":1,"column":0},"end":{"line":1,"column":44}},"1":{"start":{"line":4,"column":0},"end":{"line":8,"column":null}},"2":{"start":{"line":6,"column":4},"end":{"line":6,"column":26}},"3":{"start":{"line":4,"column":13},"end":{"line":8,"column":null}},"4":{"start":{"line":4,"column":13},"end":{"line":4,"column":23}}},"fnMap":{"0":{"name":"(anonymous_1)","decl":{"start":{"line":5,"column":2},"end":{"line":5,"column":10}},"loc":{"start":{"line":5,"column":10},"end":{"line":7,"column":3}}}},"branchMap":{},"s":{"0":1,"1":1,"2":1,"3":1,"4":1},"f":{"0":1},"b":{}}
,"/home/mlenorma/Documents/Work/workspace/web-sandbox/nestjs-sandbox/src/users/user.dto.ts": {"path":"/home/mlenorma/Documents/Work/workspace/web-sandbox/nestjs-sandbox/src/users/user.dto.ts","statementMap":{"0":{"start":{"line":1,"column":0},"end":{"line":1,"column":51}},"1":{"start":{"line":2,"column":0},"end":{"line":2,"column":60}},"2":{"start":{"line":7,"column":4},"end":{"line":7,"column":null}},"3":{"start":{"line":11,"column":4},"end":{"line":11,"column":null}},"4":{"start":{"line":15,"column":4},"end":{"line":15,"column":null}},"5":{"start":{"line":19,"column":4},"end":{"line":19,"column":null}},"6":{"start":{"line":4,"column":0},"end":{"line":4,"column":13}}},"fnMap":{},"branchMap":{},"s":{"0":1,"1":1,"2":1,"3":1,"4":1,"5":1,"6":1},"f":{},"b":{}}
,"/home/mlenorma/Documents/Work/workspace/web-sandbox/nestjs-sandbox/src/users/users.controller.ts": {"path":"/home/mlenorma/Documents/Work/workspace/web-sandbox/nestjs-sandbox/src/users/users.controller.ts","statementMap":{"0":{"start":{"line":1,"column":0},"end":{"line":1,"column":132}},"1":{"start":{"line":2,"column":0},"end":{"line":2,"column":37}},"2":{"start":{"line":3,"column":0},"end":{"line":3,"column":47}},"3":{"start":{"line":4,"column":0},"end":{"line":4,"column":87}},"4":{"start":{"line":8,"column":0},"end":{"line":66,"column":null}},"5":{"start":{"line":9,"column":33},"end":{"line":9,"column":47}},"6":{"start":{"line":13,"column":8},"end":{"line":13,"column":43}},"7":{"start":{"line":18,"column":30},"end":{"line":18,"column":63}},"8":{"start":{"line":19,"column":8},"end":{"line":24,"column":null}},"9":{"start":{"line":20,"column":12},"end":{"line":23,"column":14}},"10":{"start":{"line":25,"column":8},"end":{"line":25,"column":20}},"11":{"start":{"line":32,"column":8},"end":{"line":37,"column":null}},"12":{"start":{"line":33,"column":12},"end":{"line":36,"column":14}},"13":{"start":{"line":38,"column":8},"end":{"line":38,"column":39}},"14":{"start":{"line":39,"column":8},"end":{"line":39,"column":23}},"15":{"start":{"line":44,"column":34},"end":{"line":44,"column":80}},"16":{"start":{"line":45,"column":8},"end":{"line":50,"column":null}},"17":{"start":{"line":46,"column":12},"end":{"line":49,"column":14}},"18":{"start":{"line":51,"column":8},"end":{"line":51,"column":54}},"19":{"start":{"line":57,"column":34},"end":{"line":57,"column":67}},"20":{"start":{"line":58,"column":8},"end":{"line":63,"column":null}},"21":{"start":{"line":59,"column":12},"end":{"line":62,"column":14}},"22":{"start":{"line":64,"column":8},"end":{"line":64,"column":37}},"23":{"start":{"line":12,"column":4},"end":{"line":14,"column":null}},"24":{"start":{"line":17,"column":4},"end":{"line":26,"column":null}},"25":{"start":{"line":31,"column":4},"end":{"line":40,"column":null}},"26":{"start":{"line":43,"column":4},"end":{"line":52,"column":null}},"27":{"start":{"line":56,"column":4},"end":{"line":65,"column":null}},"28":{"start":{"line":8,"column":13},"end":{"line":66,"column":null}},"29":{"start":{"line":8,"column":13},"end":{"line":8,"column":28}}},"fnMap":{"0":{"name":"(anonymous_4)","decl":{"start":{"line":9,"column":4},"end":{"line":9,"column":33}},"loc":{"start":{"line":9,"column":59},"end":{"line":9,"column":63}}},"1":{"name":"(anonymous_5)","decl":{"start":{"line":12,"column":4},"end":{"line":12,"column":9}},"loc":{"start":{"line":12,"column":17},"end":{"line":14,"column":5}}},"2":{"name":"(anonymous_6)","decl":{"start":{"line":17,"column":4},"end":{"line":17,"column":9}},"loc":{"start":{"line":17,"column":61},"end":{"line":26,"column":5}}},"3":{"name":"(anonymous_7)","decl":{"start":{"line":31,"column":4},"end":{"line":31,"column":9}},"loc":{"start":{"line":31,"column":41},"end":{"line":40,"column":5}}},"4":{"name":"(anonymous_8)","decl":{"start":{"line":43,"column":4},"end":{"line":43,"column":9}},"loc":{"start":{"line":43,"column":46},"end":{"line":52,"column":5}}},"5":{"name":"(anonymous_9)","decl":{"start":{"line":56,"column":4},"end":{"line":56,"column":9}},"loc":{"start":{"line":56,"column":60},"end":{"line":65,"column":5}}}},"branchMap":{"0":{"loc":{"start":{"line":19,"column":8},"end":{"line":24,"column":null}},"type":"if","locations":[{"start":{"line":19,"column":8},"end":{"line":24,"column":null}},{"start":{"line":19,"column":8},"end":{"line":24,"column":null}}]},"1":{"loc":{"start":{"line":32,"column":8},"end":{"line":37,"column":null}},"type":"if","locations":[{"start":{"line":32,"column":8},"end":{"line":37,"column":null}},{"start":{"line":32,"column":8},"end":{"line":37,"column":null}}]},"2":{"loc":{"start":{"line":45,"column":8},"end":{"line":50,"column":null}},"type":"if","locations":[{"start":{"line":45,"column":8},"end":{"line":50,"column":null}},{"start":{"line":45,"column":8},"end":{"line":50,"column":null}}]},"3":{"loc":{"start":{"line":58,"column":8},"end":{"line":63,"column":null}},"type":"if","locations":[{"start":{"line":58,"column":8},"end":{"line":63,"column":null}},{"start":{"line":58,"column":8},"end":{"line":63,"column":null}}]}},"s":{"0":1,"1":1,"2":1,"3":1,"4":1,"5":2,"6":0,"7":2,"8":2,"9":1,"10":1,"11":0,"12":0,"13":0,"14":0,"15":0,"16":0,"17":0,"18":0,"19":0,"20":0,"21":0,"22":0,"23":1,"24":1,"25":1,"26":1,"27":1,"28":1,"29":1},"f":{"0":2,"1":0,"2":2,"3":0,"4":0,"5":0},"b":{"0":[1,1],"1":[0,0],"2":[0,0],"3":[0,0]}}
,"/home/mlenorma/Documents/Work/workspace/web-sandbox/nestjs-sandbox/src/users/users.service.ts": {"path":"/home/mlenorma/Documents/Work/workspace/web-sandbox/nestjs-sandbox/src/users/users.service.ts","statementMap":{"0":{"start":{"line":1,"column":0},"end":{"line":1,"column":44}},"1":{"start":{"line":3,"column":0},"end":{"line":3,"column":60}},"2":{"start":{"line":6,"column":0},"end":{"line":35,"column":null}},"3":{"start":{"line":7,"column":21},"end":{"line":7,"column":50}},"4":{"start":{"line":10,"column":8},"end":{"line":10,"column":26}},"5":{"start":{"line":14,"column":8},"end":{"line":14,"column":66}},"6":{"start":{"line":14,"column":50},"end":{"line":14,"column":64}},"7":{"start":{"line":18,"column":8},"end":{"line":18,"column":30}},"8":{"start":{"line":22,"column":26},"end":{"line":23,"column":null}},"9":{"start":{"line":23,"column":31},"end":{"line":23,"column":58}},"10":{"start":{"line":25,"column":8},"end":{"line":25,"column":45}},"11":{"start":{"line":26,"column":8},"end":{"line":26,"column":28}},"12":{"start":{"line":30,"column":26},"end":{"line":31,"column":null}},"13":{"start":{"line":31,"column":31},"end":{"line":31,"column":45}},"14":{"start":{"line":33,"column":8},"end":{"line":33,"column":40}},"15":{"start":{"line":6,"column":13},"end":{"line":35,"column":null}},"16":{"start":{"line":6,"column":13},"end":{"line":6,"column":25}}},"fnMap":{"0":{"name":"(anonymous_1)","decl":{"start":{"line":6,"column":0},"end":{"line":6,"column":13}},"loc":{"start":{"line":6,"column":0},"end":{"line":35,"column":1}}},"1":{"name":"(anonymous_2)","decl":{"start":{"line":9,"column":4},"end":{"line":9,"column":11}},"loc":{"start":{"line":9,"column":11},"end":{"line":11,"column":5}}},"2":{"name":"(anonymous_3)","decl":{"start":{"line":13,"column":4},"end":{"line":13,"column":15}},"loc":{"start":{"line":13,"column":26},"end":{"line":15,"column":5}}},"3":{"name":"(anonymous_4)","decl":{"start":{"line":14,"column":31},"end":{"line":14,"column":32}},"loc":{"start":{"line":14,"column":50},"end":{"line":14,"column":64}}},"4":{"name":"(anonymous_5)","decl":{"start":{"line":17,"column":4},"end":{"line":17,"column":7}},"loc":{"start":{"line":17,"column":21},"end":{"line":19,"column":5}}},"5":{"name":"(anonymous_6)","decl":{"start":{"line":21,"column":4},"end":{"line":21,"column":10}},"loc":{"start":{"line":21,"column":23},"end":{"line":27,"column":5}}},"6":{"name":"(anonymous_7)","decl":{"start":{"line":23,"column":12},"end":{"line":23,"column":13}},"loc":{"start":{"line":23,"column":31},"end":{"line":23,"column":58}}},"7":{"name":"(anonymous_8)","decl":{"start":{"line":29,"column":4},"end":{"line":29,"column":10}},"loc":{"start":{"line":29,"column":21},"end":{"line":34,"column":5}}},"8":{"name":"(anonymous_9)","decl":{"start":{"line":31,"column":12},"end":{"line":31,"column":13}},"loc":{"start":{"line":31,"column":31},"end":{"line":31,"column":45}}}},"branchMap":{},"s":{"0":2,"1":2,"2":2,"3":3,"4":0,"5":0,"6":0,"7":0,"8":0,"9":0,"10":0,"11":0,"12":0,"13":0,"14":0,"15":2,"16":2},"f":{"0":3,"1":0,"2":0,"3":0,"4":0,"5":0,"6":0,"7":0,"8":0},"b":{}}
}
