TN:
SF:/home/mlenorma/Documents/Work/workspace/web-sandbox/nestjs-sandbox/src/app.controller.ts
FN:6,(anonymous_2)
FN:9,(anonymous_3)
FNF:2
FNH:2
FNDA:1,(anonymous_2)
FNDA:1,(anonymous_3)
DA:1,1
DA:2,1
DA:5,1
DA:6,1
DA:9,1
DA:10,1
LF:6
LH:6
BRF:0
BRH:0
end_of_record
TN:
SF:/home/mlenorma/Documents/Work/workspace/web-sandbox/nestjs-sandbox/src/app.service.ts
FN:5,(anonymous_1)
FNF:1
FNH:1
FNDA:1,(anonymous_1)
DA:1,1
DA:4,1
DA:6,1
LF:3
LH:3
BRF:0
BRH:0
end_of_record
TN:
SF:/home/mlenorma/Documents/Work/workspace/web-sandbox/nestjs-sandbox/src/users/user.dto.ts
FNF:0
FNH:0
DA:1,1
DA:2,1
DA:4,1
DA:7,1
DA:11,1
DA:15,1
DA:19,1
LF:7
LH:7
BRF:0
BRH:0
end_of_record
TN:
SF:/home/mlenorma/Documents/Work/workspace/web-sandbox/nestjs-sandbox/src/users/users.controller.ts
FN:9,(anonymous_4)
FN:12,(anonymous_5)
FN:17,(anonymous_6)
FN:31,(anonymous_7)
FN:43,(anonymous_8)
FN:56,(anonymous_9)
FNF:6
FNH:2
FNDA:2,(anonymous_4)
FNDA:0,(anonymous_5)
FNDA:2,(anonymous_6)
FNDA:0,(anonymous_7)
FNDA:0,(anonymous_8)
FNDA:0,(anonymous_9)
DA:1,1
DA:2,1
DA:3,1
DA:4,1
DA:8,1
DA:9,2
DA:12,1
DA:13,0
DA:17,1
DA:18,2
DA:19,2
DA:20,1
DA:25,1
DA:31,1
DA:32,0
DA:33,0
DA:38,0
DA:39,0
DA:43,1
DA:44,0
DA:45,0
DA:46,0
DA:51,0
DA:56,1
DA:57,0
DA:58,0
DA:59,0
DA:64,0
LF:28
LH:15
BRDA:19,0,0,1
BRDA:19,0,1,1
BRDA:32,1,0,0
BRDA:32,1,1,0
BRDA:45,2,0,0
BRDA:45,2,1,0
BRDA:58,3,0,0
BRDA:58,3,1,0
BRF:8
BRH:2
end_of_record
TN:
SF:/home/mlenorma/Documents/Work/workspace/web-sandbox/nestjs-sandbox/src/users/users.service.ts
FN:6,(anonymous_1)
FN:9,(anonymous_2)
FN:13,(anonymous_3)
FN:14,(anonymous_4)
FN:17,(anonymous_5)
FN:21,(anonymous_6)
FN:23,(anonymous_7)
FN:29,(anonymous_8)
FN:31,(anonymous_9)
FNF:9
FNH:1
FNDA:3,(anonymous_1)
FNDA:0,(anonymous_2)
FNDA:0,(anonymous_3)
FNDA:0,(anonymous_4)
FNDA:0,(anonymous_5)
FNDA:0,(anonymous_6)
FNDA:0,(anonymous_7)
FNDA:0,(anonymous_8)
FNDA:0,(anonymous_9)
DA:1,2
DA:3,2
DA:6,2
DA:7,3
DA:10,0
DA:14,0
DA:18,0
DA:22,0
DA:23,0
DA:25,0
DA:26,0
DA:30,0
DA:31,0
DA:33,0
LF:14
LH:4
BRF:0
BRH:0
end_of_record
